<?xml version="1.0" encoding="UTF-8"?>
<!-- Generated by org.testng.reporters.JUnitXMLReporter -->
<testsuite ignored="7" hostname="JAMOCHA64" failures="2" tests="12" name="Test" time="1125.759" errors="0" timestamp="2024-04-05T13:17:15 IST">
  <testcase classname="test.SuperGroupInMysqlAddModifyDeleteWithBulkUploadAndValidateOfflineReports.AddSuperGroupInMysql" name="addSuperGroupInMysql" time="12.165"/>
  <testcase classname="test.SuperGroupInMysqlAddModifyDeleteWithBulkUploadAndValidateOfflineReports.ModifySuperGroupInMysql" name="modifySuperGroupInMysql" time="11.413"/>
  <testcase classname="test.SuperGroupInMysqlAddModifyDeleteWithBulkUploadAndValidateOfflineReports.DeleteSuperGroupInMysql" name="deleteSuperGroupInMysql" time="185.19">
    <skipped/>
  </testcase> <!-- deleteSuperGroupInMysql -->
  <testcase classname="test.SuperGroupInMysqlAddModifyDeleteWithBulkUploadAndValidateOfflineReports.DeleteSuperGroupInMysql" name="deleteSuperGroupInMysql" time="57.625">
    <skipped/>
  </testcase> <!-- deleteSuperGroupInMysql -->
  <testcase classname="test.SuperGroupInMysqlAddModifyDeleteWithBulkUploadAndValidateOfflineReports.DeleteSuperGroupInMysql" name="deleteSuperGroupInMysql" time="14.802">
    <failure type="org.openqa.selenium.NoSuchElementException" message="no such element: Unable to locate element: {&amp;quot;method&amp;quot;:&amp;quot;xpath&amp;quot;,&amp;quot;selector&amp;quot;:&amp;quot;//table[@id=&amp;quot;CommonDataTableId&amp;quot;]//tbody//td/a[2]&amp;quot;}
  (Session info: chrome=114.0.5735.91)
For documentation on this error, please visit: https://www.selenium.dev/documentation/webdriver/troubleshooting/errors#no-such-element-exception
Build info: version: &amp;apos;4.13.0&amp;apos;, revision: &amp;apos;ba948ece5b*&amp;apos;
System info: os.name: &amp;apos;Windows 11&amp;apos;, os.arch: &amp;apos;amd64&amp;apos;, os.version: &amp;apos;10.0&amp;apos;, java.version: &amp;apos;17.0.8.1&amp;apos;
Driver info: org.openqa.selenium.chrome.ChromeDriver
Command: [dc88fca7c3ebd5da2ce7da309b239b14, findElement {using=xpath, value=//table[@id=&amp;quot;CommonDataTableId&amp;quot;]//tbody//td/a[2]}]
Capabilities {acceptInsecureCerts: false, browserName: chrome, browserVersion: 114.0.5735.91, chrome: {chromedriverVersion: 114.0.5735.90 (386bc09e8f4f..., userDataDir: C:\Users\mahesh.d\AppData\L...}, goog:chromeOptions: {debuggerAddress: localhost:62413}, networkConnectionEnabled: false, pageLoadStrategy: normal, platformName: windows, proxy: Proxy(), se:cdp: ws://localhost:62413/devtoo..., se:cdpVersion: 114.0.5735.91, setWindowRect: true, strictFileInteractability: false, timeouts: {implicit: 0, pageLoad: 300000, script: 30000}, unhandledPromptBehavior: dismiss and notify, webauthn:extension:credBlob: true, webauthn:extension:largeBlob: true, webauthn:extension:minPinLength: true, webauthn:extension:prf: true, webauthn:virtualAuthenticators: true}
Session ID: dc88fca7c3ebd5da2ce7da309b239b14">
      <![CDATA[org.openqa.selenium.NoSuchElementException: no such element: Unable to locate element: {"method":"xpath","selector":"//table[@id="CommonDataTableId"]//tbody//td/a[2]"}
  (Session info: chrome=114.0.5735.91)
For documentation on this error, please visit: https://www.selenium.dev/documentation/webdriver/troubleshooting/errors#no-such-element-exception
Build info: version: '4.13.0', revision: 'ba948ece5b*'
System info: os.name: 'Windows 11', os.arch: 'amd64', os.version: '10.0', java.version: '17.0.8.1'
Driver info: org.openqa.selenium.chrome.ChromeDriver
Command: [dc88fca7c3ebd5da2ce7da309b239b14, findElement {using=xpath, value=//table[@id="CommonDataTableId"]//tbody//td/a[2]}]
Capabilities {acceptInsecureCerts: false, browserName: chrome, browserVersion: 114.0.5735.91, chrome: {chromedriverVersion: 114.0.5735.90 (386bc09e8f4f..., userDataDir: C:\Users\mahesh.d\AppData\L...}, goog:chromeOptions: {debuggerAddress: localhost:62413}, networkConnectionEnabled: false, pageLoadStrategy: normal, platformName: windows, proxy: Proxy(), se:cdp: ws://localhost:62413/devtoo..., se:cdpVersion: 114.0.5735.91, setWindowRect: true, strictFileInteractability: false, timeouts: {implicit: 0, pageLoad: 300000, script: 30000}, unhandledPromptBehavior: dismiss and notify, webauthn:extension:credBlob: true, webauthn:extension:largeBlob: true, webauthn:extension:minPinLength: true, webauthn:extension:prf: true, webauthn:virtualAuthenticators: true}
Session ID: dc88fca7c3ebd5da2ce7da309b239b14
at org.openqa.selenium.remote.codec.w3c.W3CHttpResponseCodec.createException(W3CHttpResponseCodec.java:200)
at org.openqa.selenium.remote.codec.w3c.W3CHttpResponseCodec.decode(W3CHttpResponseCodec.java:133)
at org.openqa.selenium.remote.codec.w3c.W3CHttpResponseCodec.decode(W3CHttpResponseCodec.java:52)
at org.openqa.selenium.remote.HttpCommandExecutor.execute(HttpCommandExecutor.java:191)
at org.openqa.selenium.remote.service.DriverCommandExecutor.invokeExecute(DriverCommandExecutor.java:196)
at org.openqa.selenium.remote.service.DriverCommandExecutor.execute(DriverCommandExecutor.java:171)
at org.openqa.selenium.remote.RemoteWebDriver.execute(RemoteWebDriver.java:602)
at org.openqa.selenium.remote.ElementLocation$ElementFinder$2.findElement(ElementLocation.java:165)
at org.openqa.selenium.remote.ElementLocation.findElement(ElementLocation.java:59)
at org.openqa.selenium.remote.RemoteWebDriver.findElement(RemoteWebDriver.java:359)
at org.openqa.selenium.remote.RemoteWebDriver.findElement(RemoteWebDriver.java:353)
at org.openqa.selenium.support.pagefactory.DefaultElementLocator.findElement(DefaultElementLocator.java:68)
at org.openqa.selenium.support.pagefactory.internal.LocatingElementHandler.invoke(LocatingElementHandler.java:38)
at jdk.proxy2/jdk.proxy2.$Proxy16.click(Unknown Source)
at Pages.SuperGroupMysqlPage.clickDeleteIconInSuperGroupTable(SuperGroupMysqlPage.java:300)
at test.SuperGroupInMysqlAddModifyDeleteWithBulkUploadAndValidateOfflineReports.DeleteSuperGroupInMysql.deleteSuperGroupInMysql(DeleteSuperGroupInMysql.java:55)
at java.base/java.util.ArrayList.forEach(ArrayList.java:1511)
... Removed 32 stack frames]]>
    </failure>
  </testcase> <!-- deleteSuperGroupInMysql -->
  <testcase classname="test.SuperGroupInMysqlAddModifyDeleteWithBulkUploadAndValidateOfflineReports.ExcelDataValidationForSuperGroupTable" name="excelValidationForSuperGroupTableInMysql" time="7.949"/>
  <testcase classname="test.SuperGroupInMysqlAddModifyDeleteWithBulkUploadAndValidateOfflineReports.PDFDataValidationForSuperGroupTable" name="pdfValidationForSuperGroupTableInMysql" time="10.217"/>
  <testcase classname="test.SuperGroupInMysqlAddModifyDeleteWithBulkUploadAndValidateOfflineReports.SuperGroupBulkUploadAddMysql" name="superGroupBulkUploadAdd" time="13.166"/>
  <testcase classname="test.SuperGroupInMysqlAddModifyDeleteWithBulkUploadAndValidateOfflineReports.SuperGroupBulkUploadModifyMysql" name="superGroupBulkUploadModify" time="10.292"/>
  <testcase classname="test.SuperGroupInMysqlAddModifyDeleteWithBulkUploadAndValidateOfflineReports.SuperGroupBulkUploadDeleteMysql" name="superGroupBulkUploadDelete" time="541.955">
    <skipped/>
  </testcase> <!-- superGroupBulkUploadDelete -->
  <testcase classname="test.SuperGroupInMysqlAddModifyDeleteWithBulkUploadAndValidateOfflineReports.SuperGroupBulkUploadDeleteMysql" name="superGroupBulkUploadDelete" time="180.013">
    <skipped/>
  </testcase> <!-- superGroupBulkUploadDelete -->
  <testcase classname="test.SuperGroupInMysqlAddModifyDeleteWithBulkUploadAndValidateOfflineReports.SuperGroupBulkUploadDeleteMysql" name="superGroupBulkUploadDelete" time="80.89">
    <failure type="org.openqa.selenium.NoSuchElementException" message="no such element: Unable to locate element: {&amp;quot;method&amp;quot;:&amp;quot;xpath&amp;quot;,&amp;quot;selector&amp;quot;:&amp;quot;//span[@Class=&amp;quot;alert alert-success config-alert&amp;quot;]&amp;quot;}
  (Session info: chrome=114.0.5735.91)
For documentation on this error, please visit: https://www.selenium.dev/documentation/webdriver/troubleshooting/errors#no-such-element-exception
Build info: version: &amp;apos;4.13.0&amp;apos;, revision: &amp;apos;ba948ece5b*&amp;apos;
System info: os.name: &amp;apos;Windows 11&amp;apos;, os.arch: &amp;apos;amd64&amp;apos;, os.version: &amp;apos;10.0&amp;apos;, java.version: &amp;apos;17.0.8.1&amp;apos;
Driver info: org.openqa.selenium.chrome.ChromeDriver
Command: [dc88fca7c3ebd5da2ce7da309b239b14, findElement {using=xpath, value=//span[@Class=&amp;quot;alert alert-success config-alert&amp;quot;]}]
Capabilities {acceptInsecureCerts: false, browserName: chrome, browserVersion: 114.0.5735.91, chrome: {chromedriverVersion: 114.0.5735.90 (386bc09e8f4f..., userDataDir: C:\Users\mahesh.d\AppData\L...}, goog:chromeOptions: {debuggerAddress: localhost:62413}, networkConnectionEnabled: false, pageLoadStrategy: normal, platformName: windows, proxy: Proxy(), se:cdp: ws://localhost:62413/devtoo..., se:cdpVersion: 114.0.5735.91, setWindowRect: true, strictFileInteractability: false, timeouts: {implicit: 0, pageLoad: 300000, script: 30000}, unhandledPromptBehavior: dismiss and notify, webauthn:extension:credBlob: true, webauthn:extension:largeBlob: true, webauthn:extension:minPinLength: true, webauthn:extension:prf: true, webauthn:virtualAuthenticators: true}
Session ID: dc88fca7c3ebd5da2ce7da309b239b14">
      <![CDATA[org.openqa.selenium.NoSuchElementException: no such element: Unable to locate element: {"method":"xpath","selector":"//span[@Class="alert alert-success config-alert"]"}
  (Session info: chrome=114.0.5735.91)
For documentation on this error, please visit: https://www.selenium.dev/documentation/webdriver/troubleshooting/errors#no-such-element-exception
Build info: version: '4.13.0', revision: 'ba948ece5b*'
System info: os.name: 'Windows 11', os.arch: 'amd64', os.version: '10.0', java.version: '17.0.8.1'
Driver info: org.openqa.selenium.chrome.ChromeDriver
Command: [dc88fca7c3ebd5da2ce7da309b239b14, findElement {using=xpath, value=//span[@Class="alert alert-success config-alert"]}]
Capabilities {acceptInsecureCerts: false, browserName: chrome, browserVersion: 114.0.5735.91, chrome: {chromedriverVersion: 114.0.5735.90 (386bc09e8f4f..., userDataDir: C:\Users\mahesh.d\AppData\L...}, goog:chromeOptions: {debuggerAddress: localhost:62413}, networkConnectionEnabled: false, pageLoadStrategy: normal, platformName: windows, proxy: Proxy(), se:cdp: ws://localhost:62413/devtoo..., se:cdpVersion: 114.0.5735.91, setWindowRect: true, strictFileInteractability: false, timeouts: {implicit: 0, pageLoad: 300000, script: 30000}, unhandledPromptBehavior: dismiss and notify, webauthn:extension:credBlob: true, webauthn:extension:largeBlob: true, webauthn:extension:minPinLength: true, webauthn:extension:prf: true, webauthn:virtualAuthenticators: true}
Session ID: dc88fca7c3ebd5da2ce7da309b239b14
at org.openqa.selenium.remote.codec.w3c.W3CHttpResponseCodec.createException(W3CHttpResponseCodec.java:200)
at org.openqa.selenium.remote.codec.w3c.W3CHttpResponseCodec.decode(W3CHttpResponseCodec.java:133)
at org.openqa.selenium.remote.codec.w3c.W3CHttpResponseCodec.decode(W3CHttpResponseCodec.java:52)
at org.openqa.selenium.remote.HttpCommandExecutor.execute(HttpCommandExecutor.java:191)
at org.openqa.selenium.remote.service.DriverCommandExecutor.invokeExecute(DriverCommandExecutor.java:196)
at org.openqa.selenium.remote.service.DriverCommandExecutor.execute(DriverCommandExecutor.java:171)
at org.openqa.selenium.remote.RemoteWebDriver.execute(RemoteWebDriver.java:602)
at org.openqa.selenium.remote.ElementLocation$ElementFinder$2.findElement(ElementLocation.java:165)
at org.openqa.selenium.remote.ElementLocation.findElement(ElementLocation.java:59)
at org.openqa.selenium.remote.RemoteWebDriver.findElement(RemoteWebDriver.java:359)
at org.openqa.selenium.remote.RemoteWebDriver.findElement(RemoteWebDriver.java:353)
at org.openqa.selenium.support.pagefactory.DefaultElementLocator.findElement(DefaultElementLocator.java:68)
at org.openqa.selenium.support.pagefactory.internal.LocatingElementHandler.invoke(LocatingElementHandler.java:38)
at jdk.proxy2/jdk.proxy2.$Proxy16.isDisplayed(Unknown Source)
at Pages.ActivityTagsPage.validateBulkUploadAddMessage(ActivityTagsPage.java:531)
at test.SuperGroupInMysqlAddModifyDeleteWithBulkUploadAndValidateOfflineReports.SuperGroupBulkUploadDeleteMysql.superGroupBulkUploadDelete(SuperGroupBulkUploadDeleteMysql.java:70)
at java.base/java.util.ArrayList.forEach(ArrayList.java:1511)
... Removed 32 stack frames]]>
    </failure>
  </testcase> <!-- superGroupBulkUploadDelete -->
  <testcase classname="test.BaseTest" name="@AfterTest teardown" time="0.0">
    <ignored/>
  </testcase> <!-- @AfterTest teardown -->
  <testcase classname="test.BaseTest" name="@AfterTest teardown" time="0.0">
    <ignored/>
  </testcase> <!-- @AfterTest teardown -->
  <testcase classname="test.BaseTest" name="@AfterTest teardown" time="0.0">
    <ignored/>
  </testcase> <!-- @AfterTest teardown -->
  <testcase classname="test.BaseTest" name="@AfterTest teardown" time="0.0">
    <ignored/>
  </testcase> <!-- @AfterTest teardown -->
  <testcase classname="test.BaseTest" name="@AfterTest teardown" time="0.0">
    <ignored/>
  </testcase> <!-- @AfterTest teardown -->
  <testcase classname="test.BaseTest" name="@AfterTest teardown" time="0.0">
    <ignored/>
  </testcase> <!-- @AfterTest teardown -->
  <testcase classname="test.BaseTest" name="@AfterTest teardown" time="0.0">
    <ignored/>
  </testcase> <!-- @AfterTest teardown -->
</testsuite> <!-- Test -->
